{
  "stats": {
    "suites": 1,
    "tests": 4,
    "passes": 4,
    "pending": 0,
    "failures": 0,
    "start": "2023-08-09T07:00:08.799Z",
    "end": "2023-08-09T07:00:10.477Z",
    "duration": 1678,
    "testsRegistered": 4,
    "passPercent": 100,
    "pendingPercent": 0,
    "other": 0,
    "hasOther": false,
    "skipped": 0,
    "hasSkipped": false
  },
  "results": [
    {
      "uuid": "1ff40c3e-50d6-4fca-ae8a-fc1649f5c808",
      "title": "",
      "fullFile": "D:\\Mocha\\trial\\apiTest\\reqres\\apitest.js",
      "file": "\\apiTest\\reqres\\apitest.js",
      "beforeHooks": [],
      "afterHooks": [],
      "tests": [],
      "suites": [
        {
          "uuid": "25071d80-43fe-4c22-8e5e-ecbfc0dd61d8",
          "title": "API test reqres.in",
          "fullFile": "D:\\Mocha\\trial\\apiTest\\reqres\\apitest.js",
          "file": "\\apiTest\\reqres\\apitest.js",
          "beforeHooks": [],
          "afterHooks": [],
          "tests": [
            {
              "title": "user want to login",
              "fullTitle": "API test reqres.in user want to login",
              "timedOut": false,
              "duration": 619,
              "state": "passed",
              "speed": "slow",
              "pass": true,
              "fail": false,
              "pending": false,
              "context": null,
              "code": "var tasks = \n{\n    \"email\": \"eve.holt@reqres.in\",\n    \"password\": \"cityslicka\"\n};\nconst res = await supertest(url.config.reqres)\n.post(path.baseurl.reqres.post_login)\n.send(tasks)\n.expect(200)\nassert(res.body)\nconsole.log(res.body)",
              "err": {},
              "uuid": "0f1b5371-57e4-4574-bed3-81dfd0487919",
              "parentUUID": "25071d80-43fe-4c22-8e5e-ecbfc0dd61d8",
              "isHook": false,
              "skipped": false
            },
            {
              "title": "user want to see list user",
              "fullTitle": "API test reqres.in user want to see list user",
              "timedOut": false,
              "duration": 121,
              "state": "passed",
              "speed": "slow",
              "pass": true,
              "fail": false,
              "pending": false,
              "context": null,
              "code": "const res = await supertest(url.config.reqres)\n.get(path.baseurl.reqres.get_list)\n.expect(200)\nassert(res.body.data)\nconsole.log(res.body)",
              "err": {},
              "uuid": "7b22c5f1-c34b-4ab9-92cf-4bd8ea5aed72",
              "parentUUID": "25071d80-43fe-4c22-8e5e-ecbfc0dd61d8",
              "isHook": false,
              "skipped": false
            },
            {
              "title": "user want to update detail user",
              "fullTitle": "API test reqres.in user want to update detail user",
              "timedOut": false,
              "duration": 459,
              "state": "passed",
              "speed": "slow",
              "pass": true,
              "fail": false,
              "pending": false,
              "context": null,
              "code": "var tasks = \n{\n    \"name\": \"morpheus\",\n    \"job\": \"zion resident\"\n};\nconst res = await supertest(url.config.reqres)\n.post(path.baseurl.reqres.put_update)\n.send(tasks)\n.expect(201)\nassert(res.body.name).to.be.equal(\"morpheus\")\nconsole.log(res.body)",
              "err": {},
              "uuid": "7c6ae44a-c393-49c8-8956-9f7460813f39",
              "parentUUID": "25071d80-43fe-4c22-8e5e-ecbfc0dd61d8",
              "isHook": false,
              "skipped": false
            },
            {
              "title": "user want to delete account",
              "fullTitle": "API test reqres.in user want to delete account",
              "timedOut": false,
              "duration": 462,
              "state": "passed",
              "speed": "slow",
              "pass": true,
              "fail": false,
              "pending": false,
              "context": null,
              "code": "const res = await supertest(url.config.reqres)\n .del(path.baseurl.reqres.del_user)\n// .send(tasks)\n .expect(204)\n assert(res.body)\n console.log(res.body)",
              "err": {},
              "uuid": "250773d0-f744-4c8e-b547-befc660fbda3",
              "parentUUID": "25071d80-43fe-4c22-8e5e-ecbfc0dd61d8",
              "isHook": false,
              "skipped": false
            }
          ],
          "suites": [],
          "passes": [
            "0f1b5371-57e4-4574-bed3-81dfd0487919",
            "7b22c5f1-c34b-4ab9-92cf-4bd8ea5aed72",
            "7c6ae44a-c393-49c8-8956-9f7460813f39",
            "250773d0-f744-4c8e-b547-befc660fbda3"
          ],
          "failures": [],
          "pending": [],
          "skipped": [],
          "duration": 1661,
          "root": false,
          "rootEmpty": false,
          "_timeout": 180000
        }
      ],
      "passes": [],
      "failures": [],
      "pending": [],
      "skipped": [],
      "duration": 0,
      "root": true,
      "rootEmpty": true,
      "_timeout": 180000
    }
  ],
  "meta": {
    "mocha": {
      "version": "10.2.0"
    },
    "mochawesome": {
      "options": {
        "quiet": false,
        "reportFilename": "mochawesome",
        "saveHtml": true,
        "saveJson": true,
        "consoleReporter": "spec",
        "useInlineDiffs": false,
        "code": true
      },
      "version": "7.1.3"
    },
    "marge": {
      "options": {
        "reportDir": "reports/mochawesome/TestPositive"
      },
      "version": "6.2.0"
    }
  }
}